[2026-02-02T15:08:29.855+0000] {local_task_job_runner.py:120} INFO - ::group::Pre task execution logs
[2026-02-02T15:08:29.884+0000] {taskinstance.py:2073} INFO - Dependencies all met for dep_context=non-requeueable deps ti=<TaskInstance: stock_market_batch_pipeline.dbt_test manual__2026-02-02T15:02:18.931562+00:00 [queued]>
[2026-02-02T15:08:29.892+0000] {taskinstance.py:2073} INFO - Dependencies all met for dep_context=requeueable deps ti=<TaskInstance: stock_market_batch_pipeline.dbt_test manual__2026-02-02T15:02:18.931562+00:00 [queued]>
[2026-02-02T15:08:29.893+0000] {taskinstance.py:2303} INFO - Starting attempt 2 of 2
[2026-02-02T15:08:29.905+0000] {taskinstance.py:2327} INFO - Executing <Task(BashOperator): dbt_test> on 2026-02-02 15:02:18.931562+00:00
[2026-02-02T15:08:29.912+0000] {logging_mixin.py:188} WARNING - /home/***/.local/lib/python3.12/site-packages/***/task/task_runner/standard_task_runner.py:61 DeprecationWarning: This process (pid=643) is multi-threaded, use of fork() may lead to deadlocks in the child.
[2026-02-02T15:08:29.913+0000] {standard_task_runner.py:63} INFO - Started process 644 to run task
[2026-02-02T15:08:29.912+0000] {standard_task_runner.py:90} INFO - Running: ['***', 'tasks', 'run', 'stock_market_batch_pipeline', 'dbt_test', 'manual__2026-02-02T15:02:18.931562+00:00', '--job-id', '9', '--raw', '--subdir', 'DAGS_FOLDER/stock_etl.py', '--cfg-path', '/tmp/tmpuz7xuhit']
[2026-02-02T15:08:29.914+0000] {standard_task_runner.py:91} INFO - Job 9: Subtask dbt_test
[2026-02-02T15:08:29.929+0000] {logging_mixin.py:188} WARNING - /home/***/.local/lib/python3.12/site-packages/***/settings.py:195 DeprecationWarning: The sql_alchemy_conn option in [core] has been moved to the sql_alchemy_conn option in [database] - the old setting has been used, but please update your config.
[2026-02-02T15:08:29.961+0000] {task_command.py:426} INFO - Running <TaskInstance: stock_market_batch_pipeline.dbt_test manual__2026-02-02T15:02:18.931562+00:00 [running]> on host ff0fefa6cf5a
[2026-02-02T15:08:30.030+0000] {taskinstance.py:2644} INFO - Exporting env vars: AIRFLOW_CTX_DAG_OWNER='data_engineer' AIRFLOW_CTX_DAG_ID='stock_market_batch_pipeline' AIRFLOW_CTX_TASK_ID='dbt_test' AIRFLOW_CTX_EXECUTION_DATE='2026-02-02T15:02:18.931562+00:00' AIRFLOW_CTX_TRY_NUMBER='2' AIRFLOW_CTX_DAG_RUN_ID='manual__2026-02-02T15:02:18.931562+00:00'
[2026-02-02T15:08:30.031+0000] {taskinstance.py:430} INFO - ::endgroup::
[2026-02-02T15:08:30.044+0000] {subprocess.py:63} INFO - Tmp dir root location: /tmp
[2026-02-02T15:08:30.046+0000] {subprocess.py:75} INFO - Running command: ['/usr/bin/bash', '-c', 'cd /opt/***/dbt_project && dbt test']
[2026-02-02T15:08:30.053+0000] {subprocess.py:86} INFO - Output:
[2026-02-02T15:08:31.783+0000] {subprocess.py:93} INFO - [0m15:08:31  Running with dbt=1.11.2
[2026-02-02T15:08:32.587+0000] {subprocess.py:93} INFO - [0m15:08:32  Registered adapter: snowflake=1.11.1
[2026-02-02T15:08:33.428+0000] {subprocess.py:93} INFO - [0m15:08:33  Found 4 models, 6 data tests, 2 sources, 639 macros
[2026-02-02T15:08:33.431+0000] {subprocess.py:93} INFO - [0m15:08:33
[2026-02-02T15:08:33.432+0000] {subprocess.py:93} INFO - [0m15:08:33  Concurrency: 1 threads (target='dev')
[2026-02-02T15:08:33.433+0000] {subprocess.py:93} INFO - [0m15:08:33
[2026-02-02T15:08:38.501+0000] {subprocess.py:93} INFO - [0m15:08:38  1 of 6 START test not_null_dim_company_company_pk .............................. [RUN]
[2026-02-02T15:08:40.613+0000] {subprocess.py:93} INFO - [0m15:08:40  1 of 6 PASS not_null_dim_company_company_pk .................................... [[32mPASS[0m in 2.11s]
[2026-02-02T15:08:40.618+0000] {subprocess.py:93} INFO - [0m15:08:40  2 of 6 START test not_null_fact_stock_prices_company_pk ........................ [RUN]
[2026-02-02T15:08:42.970+0000] {subprocess.py:93} INFO - [0m15:08:42  2 of 6 PASS not_null_fact_stock_prices_company_pk .............................. [[32mPASS[0m in 2.35s]
[2026-02-02T15:08:42.976+0000] {subprocess.py:93} INFO - [0m15:08:42  3 of 6 START test not_null_fact_stock_prices_transaction_id .................... [RUN]
[2026-02-02T15:08:45.599+0000] {subprocess.py:93} INFO - [0m15:08:45  3 of 6 PASS not_null_fact_stock_prices_transaction_id .......................... [[32mPASS[0m in 2.62s]
[2026-02-02T15:08:45.603+0000] {subprocess.py:93} INFO - [0m15:08:45  4 of 6 START test relationships_fact_stock_prices_company_pk__company_pk__ref_dim_company_  [RUN]
[2026-02-02T15:08:48.085+0000] {subprocess.py:93} INFO - [0m15:08:48  4 of 6 PASS relationships_fact_stock_prices_company_pk__company_pk__ref_dim_company_  [[32mPASS[0m in 2.48s]
[2026-02-02T15:08:48.089+0000] {subprocess.py:93} INFO - [0m15:08:48  5 of 6 START test unique_dim_company_company_pk ................................ [RUN]
[2026-02-02T15:08:50.351+0000] {subprocess.py:93} INFO - [0m15:08:50  5 of 6 FAIL 5 unique_dim_company_company_pk .................................... [[31mFAIL 5[0m in 2.26s]
[2026-02-02T15:08:50.356+0000] {subprocess.py:93} INFO - [0m15:08:50  6 of 6 START test unique_fact_stock_prices_transaction_id ...................... [RUN]
[2026-02-02T15:08:52.755+0000] {subprocess.py:93} INFO - [0m15:08:52  6 of 6 FAIL 30 unique_fact_stock_prices_transaction_id ......................... [[31mFAIL 30[0m in 2.40s]
[2026-02-02T15:08:52.763+0000] {subprocess.py:93} INFO - [0m15:08:52
[2026-02-02T15:08:52.764+0000] {subprocess.py:93} INFO - [0m15:08:52  Finished running 6 data tests in 0 hours 0 minutes and 19.33 seconds (19.33s).
[2026-02-02T15:08:52.820+0000] {subprocess.py:93} INFO - [0m15:08:52
[2026-02-02T15:08:52.821+0000] {subprocess.py:93} INFO - [0m15:08:52  [31mCompleted with 2 errors, 0 partial successes, and 0 warnings:[0m
[2026-02-02T15:08:52.821+0000] {subprocess.py:93} INFO - [0m15:08:52
[2026-02-02T15:08:52.822+0000] {subprocess.py:93} INFO - [0m15:08:52  [31mFailure in test unique_dim_company_company_pk (models/marts/schema.yml)[0m
[2026-02-02T15:08:52.823+0000] {subprocess.py:93} INFO - [0m15:08:52    Got 5 results, configured to fail if != 0
[2026-02-02T15:08:52.824+0000] {subprocess.py:93} INFO - [0m15:08:52
[2026-02-02T15:08:52.826+0000] {subprocess.py:93} INFO - [0m15:08:52    compiled code at target/compiled/dbt_project/models/marts/schema.yml/unique_dim_company_company_pk.sql
[2026-02-02T15:08:52.827+0000] {subprocess.py:93} INFO - [0m15:08:52
[2026-02-02T15:08:52.828+0000] {subprocess.py:93} INFO - [0m15:08:52  [31mFailure in test unique_fact_stock_prices_transaction_id (models/marts/schema.yml)[0m
[2026-02-02T15:08:52.829+0000] {subprocess.py:93} INFO - [0m15:08:52    Got 30 results, configured to fail if != 0
[2026-02-02T15:08:52.830+0000] {subprocess.py:93} INFO - [0m15:08:52
[2026-02-02T15:08:52.831+0000] {subprocess.py:93} INFO - [0m15:08:52    compiled code at target/compiled/dbt_project/models/marts/schema.yml/unique_fact_stock_prices_transaction_id.sql
[2026-02-02T15:08:52.831+0000] {subprocess.py:93} INFO - [0m15:08:52
[2026-02-02T15:08:52.832+0000] {subprocess.py:93} INFO - [0m15:08:52  Done. PASS=4 WARN=0 ERROR=2 SKIP=0 NO-OP=0 TOTAL=6
[2026-02-02T15:08:53.213+0000] {subprocess.py:97} INFO - Command exited with return code 1
[2026-02-02T15:08:53.215+0000] {taskinstance.py:441} INFO - ::group::Post task execution logs
[2026-02-02T15:08:53.227+0000] {taskinstance.py:2890} ERROR - Task failed with exception
Traceback (most recent call last):
  File "/home/airflow/.local/lib/python3.12/site-packages/airflow/models/taskinstance.py", line 465, in _execute_task
    result = _execute_callable(context=context, **execute_callable_kwargs)
             ^^^^^^^^^^^^^^^^^^^^^^^^^^^^^^^^^^^^^^^^^^^^^^^^^^^^^^^^^^^^^
  File "/home/airflow/.local/lib/python3.12/site-packages/airflow/models/taskinstance.py", line 432, in _execute_callable
    return execute_callable(context=context, **execute_callable_kwargs)
           ^^^^^^^^^^^^^^^^^^^^^^^^^^^^^^^^^^^^^^^^^^^^^^^^^^^^^^^^^^^^
  File "/home/airflow/.local/lib/python3.12/site-packages/airflow/models/baseoperator.py", line 400, in wrapper
    return func(self, *args, **kwargs)
           ^^^^^^^^^^^^^^^^^^^^^^^^^^^
  File "/home/airflow/.local/lib/python3.12/site-packages/airflow/operators/bash.py", line 243, in execute
    raise AirflowException(
airflow.exceptions.AirflowException: Bash command failed. The command returned a non-zero exit code 1.
[2026-02-02T15:08:53.232+0000] {taskinstance.py:1205} INFO - Marking task as FAILED. dag_id=stock_market_batch_pipeline, task_id=dbt_test, execution_date=20260202T150218, start_date=20260202T150829, end_date=20260202T150853
[2026-02-02T15:08:53.243+0000] {standard_task_runner.py:110} ERROR - Failed to execute job 9 for task dbt_test (Bash command failed. The command returned a non-zero exit code 1.; 644)
[2026-02-02T15:08:53.286+0000] {local_task_job_runner.py:240} INFO - Task exited with return code 1
[2026-02-02T15:08:53.300+0000] {taskinstance.py:3482} INFO - 0 downstream tasks scheduled from follow-on schedule check
[2026-02-02T15:08:53.303+0000] {local_task_job_runner.py:222} INFO - ::endgroup::
