[2026-02-02T15:12:38.869+0000] {local_task_job_runner.py:120} INFO - ::group::Pre task execution logs
[2026-02-02T15:12:38.899+0000] {taskinstance.py:2073} INFO - Dependencies all met for dep_context=non-requeueable deps ti=<TaskInstance: stock_market_batch_pipeline.dbt_test manual__2026-02-02T15:02:18.931562+00:00 [queued]>
[2026-02-02T15:12:38.907+0000] {taskinstance.py:2073} INFO - Dependencies all met for dep_context=requeueable deps ti=<TaskInstance: stock_market_batch_pipeline.dbt_test manual__2026-02-02T15:02:18.931562+00:00 [queued]>
[2026-02-02T15:12:38.907+0000] {taskinstance.py:2303} INFO - Starting attempt 3 of 4
[2026-02-02T15:12:38.919+0000] {taskinstance.py:2327} INFO - Executing <Task(BashOperator): dbt_test> on 2026-02-02 15:02:18.931562+00:00
[2026-02-02T15:12:38.926+0000] {logging_mixin.py:188} WARNING - /home/***/.local/lib/python3.12/site-packages/***/task/task_runner/standard_task_runner.py:61 DeprecationWarning: This process (pid=719) is multi-threaded, use of fork() may lead to deadlocks in the child.
[2026-02-02T15:12:38.928+0000] {standard_task_runner.py:63} INFO - Started process 720 to run task
[2026-02-02T15:12:38.926+0000] {standard_task_runner.py:90} INFO - Running: ['***', 'tasks', 'run', 'stock_market_batch_pipeline', 'dbt_test', 'manual__2026-02-02T15:02:18.931562+00:00', '--job-id', '10', '--raw', '--subdir', 'DAGS_FOLDER/stock_etl.py', '--cfg-path', '/tmp/tmp06vv09l5']
[2026-02-02T15:12:38.928+0000] {standard_task_runner.py:91} INFO - Job 10: Subtask dbt_test
[2026-02-02T15:12:38.943+0000] {logging_mixin.py:188} WARNING - /home/***/.local/lib/python3.12/site-packages/***/settings.py:195 DeprecationWarning: The sql_alchemy_conn option in [core] has been moved to the sql_alchemy_conn option in [database] - the old setting has been used, but please update your config.
[2026-02-02T15:12:38.976+0000] {task_command.py:426} INFO - Running <TaskInstance: stock_market_batch_pipeline.dbt_test manual__2026-02-02T15:02:18.931562+00:00 [running]> on host ff0fefa6cf5a
[2026-02-02T15:12:39.044+0000] {taskinstance.py:2644} INFO - Exporting env vars: AIRFLOW_CTX_DAG_OWNER='data_engineer' AIRFLOW_CTX_DAG_ID='stock_market_batch_pipeline' AIRFLOW_CTX_TASK_ID='dbt_test' AIRFLOW_CTX_EXECUTION_DATE='2026-02-02T15:02:18.931562+00:00' AIRFLOW_CTX_TRY_NUMBER='3' AIRFLOW_CTX_DAG_RUN_ID='manual__2026-02-02T15:02:18.931562+00:00'
[2026-02-02T15:12:39.045+0000] {taskinstance.py:430} INFO - ::endgroup::
[2026-02-02T15:12:39.058+0000] {subprocess.py:63} INFO - Tmp dir root location: /tmp
[2026-02-02T15:12:39.059+0000] {subprocess.py:75} INFO - Running command: ['/usr/bin/bash', '-c', 'cd /opt/***/dbt_project && dbt test']
[2026-02-02T15:12:39.068+0000] {subprocess.py:86} INFO - Output:
[2026-02-02T15:12:40.879+0000] {subprocess.py:93} INFO - [0m15:12:40  Running with dbt=1.11.2
[2026-02-02T15:12:41.651+0000] {subprocess.py:93} INFO - [0m15:12:41  Registered adapter: snowflake=1.11.1
[2026-02-02T15:12:42.761+0000] {subprocess.py:93} INFO - [0m15:12:42  Found 4 models, 6 data tests, 2 sources, 639 macros
[2026-02-02T15:12:42.763+0000] {subprocess.py:93} INFO - [0m15:12:42
[2026-02-02T15:12:42.764+0000] {subprocess.py:93} INFO - [0m15:12:42  Concurrency: 1 threads (target='dev')
[2026-02-02T15:12:42.765+0000] {subprocess.py:93} INFO - [0m15:12:42
[2026-02-02T15:12:48.288+0000] {subprocess.py:93} INFO - [0m15:12:48  1 of 6 START test not_null_dim_company_company_pk .............................. [RUN]
[2026-02-02T15:12:50.603+0000] {subprocess.py:93} INFO - [0m15:12:50  1 of 6 PASS not_null_dim_company_company_pk .................................... [[32mPASS[0m in 2.31s]
[2026-02-02T15:12:50.607+0000] {subprocess.py:93} INFO - [0m15:12:50  2 of 6 START test not_null_fact_stock_prices_company_pk ........................ [RUN]
[2026-02-02T15:12:52.903+0000] {subprocess.py:93} INFO - [0m15:12:52  2 of 6 PASS not_null_fact_stock_prices_company_pk .............................. [[32mPASS[0m in 2.29s]
[2026-02-02T15:12:52.907+0000] {subprocess.py:93} INFO - [0m15:12:52  3 of 6 START test not_null_fact_stock_prices_transaction_id .................... [RUN]
[2026-02-02T15:12:54.938+0000] {subprocess.py:93} INFO - [0m15:12:54  3 of 6 PASS not_null_fact_stock_prices_transaction_id .......................... [[32mPASS[0m in 2.03s]
[2026-02-02T15:12:54.943+0000] {subprocess.py:93} INFO - [0m15:12:54  4 of 6 START test relationships_fact_stock_prices_company_pk__company_pk__ref_dim_company_  [RUN]
[2026-02-02T15:12:57.208+0000] {subprocess.py:93} INFO - [0m15:12:57  4 of 6 PASS relationships_fact_stock_prices_company_pk__company_pk__ref_dim_company_  [[32mPASS[0m in 2.26s]
[2026-02-02T15:12:57.214+0000] {subprocess.py:93} INFO - [0m15:12:57  5 of 6 START test unique_dim_company_company_pk ................................ [RUN]
[2026-02-02T15:12:59.466+0000] {subprocess.py:93} INFO - [0m15:12:59  5 of 6 FAIL 5 unique_dim_company_company_pk .................................... [[31mFAIL 5[0m in 2.25s]
[2026-02-02T15:12:59.472+0000] {subprocess.py:93} INFO - [0m15:12:59  6 of 6 START test unique_fact_stock_prices_transaction_id ...................... [RUN]
[2026-02-02T15:13:01.720+0000] {subprocess.py:93} INFO - [0m15:13:01  6 of 6 FAIL 30 unique_fact_stock_prices_transaction_id ......................... [[31mFAIL 30[0m in 2.25s]
[2026-02-02T15:13:01.730+0000] {subprocess.py:93} INFO - [0m15:13:01
[2026-02-02T15:13:01.731+0000] {subprocess.py:93} INFO - [0m15:13:01  Finished running 6 data tests in 0 hours 0 minutes and 18.96 seconds (18.96s).
[2026-02-02T15:13:01.786+0000] {subprocess.py:93} INFO - [0m15:13:01
[2026-02-02T15:13:01.787+0000] {subprocess.py:93} INFO - [0m15:13:01  [31mCompleted with 2 errors, 0 partial successes, and 0 warnings:[0m
[2026-02-02T15:13:01.788+0000] {subprocess.py:93} INFO - [0m15:13:01
[2026-02-02T15:13:01.788+0000] {subprocess.py:93} INFO - [0m15:13:01  [31mFailure in test unique_dim_company_company_pk (models/marts/schema.yml)[0m
[2026-02-02T15:13:01.789+0000] {subprocess.py:93} INFO - [0m15:13:01    Got 5 results, configured to fail if != 0
[2026-02-02T15:13:01.790+0000] {subprocess.py:93} INFO - [0m15:13:01
[2026-02-02T15:13:01.791+0000] {subprocess.py:93} INFO - [0m15:13:01    compiled code at target/compiled/dbt_project/models/marts/schema.yml/unique_dim_company_company_pk.sql
[2026-02-02T15:13:01.792+0000] {subprocess.py:93} INFO - [0m15:13:01
[2026-02-02T15:13:01.792+0000] {subprocess.py:93} INFO - [0m15:13:01  [31mFailure in test unique_fact_stock_prices_transaction_id (models/marts/schema.yml)[0m
[2026-02-02T15:13:01.793+0000] {subprocess.py:93} INFO - [0m15:13:01    Got 30 results, configured to fail if != 0
[2026-02-02T15:13:01.794+0000] {subprocess.py:93} INFO - [0m15:13:01
[2026-02-02T15:13:01.795+0000] {subprocess.py:93} INFO - [0m15:13:01    compiled code at target/compiled/dbt_project/models/marts/schema.yml/unique_fact_stock_prices_transaction_id.sql
[2026-02-02T15:13:01.796+0000] {subprocess.py:93} INFO - [0m15:13:01
[2026-02-02T15:13:01.796+0000] {subprocess.py:93} INFO - [0m15:13:01  Done. PASS=4 WARN=0 ERROR=2 SKIP=0 NO-OP=0 TOTAL=6
[2026-02-02T15:13:02.175+0000] {subprocess.py:97} INFO - Command exited with return code 1
[2026-02-02T15:13:02.176+0000] {taskinstance.py:441} INFO - ::group::Post task execution logs
[2026-02-02T15:13:02.185+0000] {taskinstance.py:2890} ERROR - Task failed with exception
Traceback (most recent call last):
  File "/home/airflow/.local/lib/python3.12/site-packages/airflow/models/taskinstance.py", line 465, in _execute_task
    result = _execute_callable(context=context, **execute_callable_kwargs)
             ^^^^^^^^^^^^^^^^^^^^^^^^^^^^^^^^^^^^^^^^^^^^^^^^^^^^^^^^^^^^^
  File "/home/airflow/.local/lib/python3.12/site-packages/airflow/models/taskinstance.py", line 432, in _execute_callable
    return execute_callable(context=context, **execute_callable_kwargs)
           ^^^^^^^^^^^^^^^^^^^^^^^^^^^^^^^^^^^^^^^^^^^^^^^^^^^^^^^^^^^^
  File "/home/airflow/.local/lib/python3.12/site-packages/airflow/models/baseoperator.py", line 400, in wrapper
    return func(self, *args, **kwargs)
           ^^^^^^^^^^^^^^^^^^^^^^^^^^^
  File "/home/airflow/.local/lib/python3.12/site-packages/airflow/operators/bash.py", line 243, in execute
    raise AirflowException(
airflow.exceptions.AirflowException: Bash command failed. The command returned a non-zero exit code 1.
[2026-02-02T15:13:02.189+0000] {taskinstance.py:1205} INFO - Marking task as UP_FOR_RETRY. dag_id=stock_market_batch_pipeline, task_id=dbt_test, execution_date=20260202T150218, start_date=20260202T151238, end_date=20260202T151302
[2026-02-02T15:13:02.201+0000] {standard_task_runner.py:110} ERROR - Failed to execute job 10 for task dbt_test (Bash command failed. The command returned a non-zero exit code 1.; 720)
[2026-02-02T15:13:02.215+0000] {local_task_job_runner.py:240} INFO - Task exited with return code 1
[2026-02-02T15:13:02.227+0000] {taskinstance.py:3482} INFO - 0 downstream tasks scheduled from follow-on schedule check
[2026-02-02T15:13:02.231+0000] {local_task_job_runner.py:222} INFO - ::endgroup::
